Using pre-set license
Built from '2020.3/release' branch; Version is '2020.3.1f1 (77a89f25062f) revision 7841951'; Using compiler version '192528614'; Build Type 'Release'
OS: 'Windows 10 Home; OS build 19042.1466; Version 2009; 64bit' Language: 'en' Physical Memory: 32469 MB
BatchMode: 1, IsHumanControllingUs: 0, StartBugReporterOnCrash: 0, Is64bit: 1, IsPro: 0

 COMMAND LINE ARGUMENTS:
C:\Program Files\Unity\Editor\Unity.exe
-adb2
-batchMode
-noUpm
-name
AssetImportWorker0
-projectPath
E:/Semester 2/Design Week/DesignWeek2022Winter
-logFile
Logs/AssetImportWorker0.log
-srvPort
55609
Successfully changed project path to: E:/Semester 2/Design Week/DesignWeek2022Winter
E:/Semester 2/Design Week/DesignWeek2022Winter
Using Asset Import Pipeline V2.
Refreshing native plugins compatible for Editor in 35.06 ms, found 1 plugins.
Preloading 0 native plugins for Editor in 0.00 ms.
Initialize engine version: 2020.3.1f1 (77a89f25062f)
[Subsystems] Discovering subsystems at path C:/Program Files/Unity/Editor/Data/Resources/UnitySubsystems
[Subsystems] Discovering subsystems at path E:/Semester 2/Design Week/DesignWeek2022Winter/Assets
GfxDevice: creating device client; threaded=0
Direct3D:
    Version:  Direct3D 11.0 [level 11.1]
    Renderer: NVIDIA GeForce RTX 3080 Laptop GPU (ID=0x249c)
    Vendor:   
    VRAM:     16201 MB
    Driver:   30.0.14.7288
Initialize mono
Mono path[0] = 'C:/Program Files/Unity/Editor/Data/Managed'
Mono path[1] = 'C:/Program Files/Unity/Editor/Data/MonoBleedingEdge/lib/mono/unityjit'
Mono config path = 'C:/Program Files/Unity/Editor/Data/MonoBleedingEdge/etc'
Using monoOptions --debugger-agent=transport=dt_socket,embedding=1,server=y,suspend=n,address=127.0.0.1:56724
Begin MonoManager ReloadAssembly
Registering precompiled unity dll's ...
Register platform support module: C:/Program Files/Unity/Editor/Data/PlaybackEngines/WindowsStandaloneSupport/UnityEditor.WindowsStandalone.Extensions.dll
Registered in 0.001519 seconds.
Native extension for WindowsStandalone target not found
Refreshing native plugins compatible for Editor in 31.34 ms, found 1 plugins.
Preloading 0 native plugins for Editor in 0.00 ms.
Invoked RoslynAnalysisRunner static constructor.
RoslynAnalysisRunner will not be running.
RoslynAnalysisRunner has terminated.
Mono: successfully reloaded assembly
- Completed reload, in  0.742 seconds
Platform modules already initialized, skipping
Registering precompiled user dll's ...
Registered in 0.006824 seconds.
Begin MonoManager ReloadAssembly
Native extension for WindowsStandalone target not found
Refreshing native plugins compatible for Editor in 32.93 ms, found 1 plugins.
Preloading 0 native plugins for Editor in 0.00 ms.
Invoked RoslynAnalysisRunner static constructor.
RoslynAnalysisRunner will not be running.
RoslynAnalysisRunner has terminated.
Mono: successfully reloaded assembly
- Completed reload, in  0.803 seconds
Platform modules already initialized, skipping
========================================================================
Worker process is ready to serve import requests
Launched and connected shader compiler UnityShaderCompiler.exe after 0.04 seconds
Refreshing native plugins compatible for Editor in 0.38 ms, found 1 plugins.
Preloading 0 native plugins for Editor in 0.00 ms.
Unloading 1889 Unused Serialized files (Serialized files now loaded: 0)
System memory in use before: 88.6 MB.
System memory in use after: 88.7 MB.

Unloading 29 unused Assets to reduce memory usage. Loaded Objects now: 2326.
Total: 1.671500 ms (FindLiveObjects: 0.197500 ms CreateObjectMapping: 0.052800 ms MarkObjects: 1.356700 ms  DeleteObjects: 0.063200 ms)

========================================================================
Received Import Request.
  path: Assets/Yarn/SampleProject.yarnproject
  artifactKey: Guid(0d9c4455e8c76a24995a44fc7ef34ae8) Importer(815301076,1909f56bfc062723c751e8b465ee728b)
Start importing Assets/Yarn/SampleProject.yarnproject using Guid(0d9c4455e8c76a24995a44fc7ef34ae8) Importer(815301076,1909f56bfc062723c751e8b465ee728b)  -> (artifact id: '5807b4f16ea4877fcaed592b9f420b74') in 0.038215 seconds
  Import took 0.040979 seconds .

========================================================================
Received Import Request.
  Time since last request: 46.560531 seconds.
  path: Assets/Yarn/Sample.yarn
  artifactKey: Guid(443429267aee3b94eb90ebbc05af3066) Importer(815301076,1909f56bfc062723c751e8b465ee728b)
Start importing Assets/Yarn/Sample.yarn using Guid(443429267aee3b94eb90ebbc05af3066) Importer(815301076,1909f56bfc062723c751e8b465ee728b)  -> (artifact id: 'ea55c94be0bc10bc6030945a47b7bc5b') in 0.008822 seconds
  Import took 0.011656 seconds .

========================================================================
Received Import Request.
  Time since last request: 4.399084 seconds.
  path: Assets/Yarn/SampleProject.yarnproject
  artifactKey: Guid(0d9c4455e8c76a24995a44fc7ef34ae8) Importer(815301076,1909f56bfc062723c751e8b465ee728b)
Start importing Assets/Yarn/SampleProject.yarnproject using Guid(0d9c4455e8c76a24995a44fc7ef34ae8) Importer(815301076,1909f56bfc062723c751e8b465ee728b)  -> (artifact id: '757da7a65ad3cb6907ef9e2bcf9c0dc1') in 0.005702 seconds
  Import took 0.008611 seconds .

========================================================================
Received Prepare
Registering precompiled user dll's ...
Registered in 0.008044 seconds.
Begin MonoManager ReloadAssembly
Native extension for WindowsStandalone target not found
Refreshing native plugins compatible for Editor in 0.45 ms, found 1 plugins.
Preloading 0 native plugins for Editor in 0.00 ms.
Invoked RoslynAnalysisRunner static constructor.
RoslynAnalysisRunner will not be running.
RoslynAnalysisRunner has terminated.
Mono: successfully reloaded assembly
- Completed reload, in  0.736 seconds
Platform modules already initialized, skipping
Refreshing native plugins compatible for Editor in 0.66 ms, found 1 plugins.
Preloading 0 native plugins for Editor in 0.00 ms.
Unloading 1866 Unused Serialized files (Serialized files now loaded: 0)
System memory in use before: 87.2 MB.
System memory in use after: 87.3 MB.

Unloading 17 unused Assets to reduce memory usage. Loaded Objects now: 2330.
Total: 1.883600 ms (FindLiveObjects: 0.404500 ms CreateObjectMapping: 0.078900 ms MarkObjects: 1.372400 ms  DeleteObjects: 0.026400 ms)

